<?xml version="1.0" encoding="UTF-8"?>
<!-- Generated by org.testng.reporters.JUnitXMLReporter -->
<testsuite ignored="0" hostname="yipl-Inspiron-3543" failures="1" tests="2" name="appiumAccelLauncher" time="73.529" errors="0" timestamp="2020-03-02T16:08:15 NPT">
  <testcase classname="TestNGRunner.runHomeScreen" name="checkFavApp" time="15.332">
    <failure type="org.openqa.selenium.NoSuchElementException" message="An element could not be located on the page using the given search parameters.
For documentation on this error, please visit: https://www.seleniumhq.org/exceptions/no_such_element.html
Build info: version: &amp;apos;3.141.59&amp;apos;, revision: &amp;apos;e82be7d358&amp;apos;, time: &amp;apos;2018-11-14T08:17:03&amp;apos;
System info: host: &amp;apos;yipl-Inspiron-3543&amp;apos;, ip: &amp;apos;127.0.1.1&amp;apos;, os.name: &amp;apos;Linux&amp;apos;, os.arch: &amp;apos;amd64&amp;apos;, os.version: &amp;apos;5.3.0-40-generic&amp;apos;, java.version: &amp;apos;11.0.6&amp;apos;
Driver info: io.appium.java_client.android.AndroidDriver
Capabilities {app: /home/yipl/Projects/appiumA..., appActivity: com.android.launcher3.Launcher, appPackage: com.accel.launcher, autoGrantPermissions: true, databaseEnabled: false, desired: {app: /home/yipl/Projects/appiumA..., appActivity: com.android.launcher3.Launcher, appPackage: com.accel.launcher, autoGrantPermissions: true, deviceName: CAM-L21, platform: ANDROID, platformName: android, udid: LHTDU17405005702, version: 6.0}, deviceApiLevel: 23, deviceManufacturer: HUAWEI, deviceModel: CAM-L21, deviceName: LHTDU17405005702, deviceScreenDensity: 320, deviceScreenSize: 720x1280, deviceUDID: LHTDU17405005702, javascriptEnabled: true, locationContextEnabled: false, networkConnectionEnabled: true, pixelRatio: 2, platform: ANDROID, platformName: Android, platformVersion: 6.0, statBarHeight: 48, takesScreenshot: true, udid: LHTDU17405005702, version: 6.0, viewportRect: {height: 1160, left: 0, top: 48, width: 720}, warnings: {}, webStorageEnabled: false}
Session ID: aae455b4-f066-4e4e-8fea-48c85cd9bbd4
*** Element info: {Using=xpath, value=//android.widget.TextView[@content-desc=&amp;quot;Phone&amp;quot;]}">
      <![CDATA[org.openqa.selenium.NoSuchElementException: An element could not be located on the page using the given search parameters.
For documentation on this error, please visit: https://www.seleniumhq.org/exceptions/no_such_element.html
Build info: version: '3.141.59', revision: 'e82be7d358', time: '2018-11-14T08:17:03'
System info: host: 'yipl-Inspiron-3543', ip: '127.0.1.1', os.name: 'Linux', os.arch: 'amd64', os.version: '5.3.0-40-generic', java.version: '11.0.6'
Driver info: io.appium.java_client.android.AndroidDriver
Capabilities {app: /home/yipl/Projects/appiumA..., appActivity: com.android.launcher3.Launcher, appPackage: com.accel.launcher, autoGrantPermissions: true, databaseEnabled: false, desired: {app: /home/yipl/Projects/appiumA..., appActivity: com.android.launcher3.Launcher, appPackage: com.accel.launcher, autoGrantPermissions: true, deviceName: CAM-L21, platform: ANDROID, platformName: android, udid: LHTDU17405005702, version: 6.0}, deviceApiLevel: 23, deviceManufacturer: HUAWEI, deviceModel: CAM-L21, deviceName: LHTDU17405005702, deviceScreenDensity: 320, deviceScreenSize: 720x1280, deviceUDID: LHTDU17405005702, javascriptEnabled: true, locationContextEnabled: false, networkConnectionEnabled: true, pixelRatio: 2, platform: ANDROID, platformName: Android, platformVersion: 6.0, statBarHeight: 48, takesScreenshot: true, udid: LHTDU17405005702, version: 6.0, viewportRect: {height: 1160, left: 0, top: 48, width: 720}, warnings: {}, webStorageEnabled: false}
Session ID: aae455b4-f066-4e4e-8fea-48c85cd9bbd4
*** Element info: {Using=xpath, value=//android.widget.TextView[@content-desc="Phone"]}
at org.openqa.selenium.remote.http.W3CHttpResponseCodec.createException(W3CHttpResponseCodec.java:187)
at org.openqa.selenium.remote.http.W3CHttpResponseCodec.decode(W3CHttpResponseCodec.java:122)
at org.openqa.selenium.remote.http.W3CHttpResponseCodec.decode(W3CHttpResponseCodec.java:49)
at org.openqa.selenium.remote.HttpCommandExecutor.execute(HttpCommandExecutor.java:158)
at io.appium.java_client.remote.AppiumCommandExecutor.execute(AppiumCommandExecutor.java:239)
at org.openqa.selenium.remote.RemoteWebDriver.execute(RemoteWebDriver.java:552)
at io.appium.java_client.DefaultGenericMobileDriver.execute(DefaultGenericMobileDriver.java:41)
at io.appium.java_client.AppiumDriver.execute(AppiumDriver.java:1)
at io.appium.java_client.android.AndroidDriver.execute(AndroidDriver.java:1)
at org.openqa.selenium.remote.RemoteWebDriver.findElement(RemoteWebDriver.java:323)
at io.appium.java_client.DefaultGenericMobileDriver.findElement(DefaultGenericMobileDriver.java:61)
at io.appium.java_client.AppiumDriver.findElement(AppiumDriver.java:1)
at io.appium.java_client.android.AndroidDriver.findElement(AndroidDriver.java:1)
at org.openqa.selenium.remote.RemoteWebDriver.findElementByXPath(RemoteWebDriver.java:428)
at io.appium.java_client.DefaultGenericMobileDriver.findElementByXPath(DefaultGenericMobileDriver.java:151)
at io.appium.java_client.AppiumDriver.findElementByXPath(AppiumDriver.java:1)
at io.appium.java_client.android.AndroidDriver.findElementByXPath(AndroidDriver.java:1)
at org.openqa.selenium.By$ByXPath.findElement(By.java:353)
at org.openqa.selenium.remote.RemoteWebDriver.findElement(RemoteWebDriver.java:315)
at io.appium.java_client.DefaultGenericMobileDriver.findElement(DefaultGenericMobileDriver.java:57)
at io.appium.java_client.AppiumDriver.findElement(AppiumDriver.java:1)
at io.appium.java_client.android.AndroidDriver.findElement(AndroidDriver.java:1)
at Tests.HomeScreen.checkFavIcons(HomeScreen.java:30)
at TestNGRunner.runHomeScreen.checkFavApp(runHomeScreen.java:17)
at java.base/java.util.ArrayList.forEach(ArrayList.java:1540)
at com.intellij.rt.testng.IDEARemoteTestNG.run(IDEARemoteTestNG.java:66)
at com.intellij.rt.testng.RemoteTestNGStarter.main(RemoteTestNGStarter.java:110)
... Removed 28 stack frames]]>
    </failure>
  </testcase> <!-- checkFavApp -->
  <testcase classname="TestNGRunner.runHomeScreen" name="checkSearchBar" time="2.278"/>
</testsuite> <!-- appiumAccelLauncher -->
