<?xml version="1.0" encoding="UTF-8"?>
<!-- Generated by org.testng.reporters.JUnitXMLReporter -->
<testsuite ignored="0" hostname="yipl-Inspiron-3543" failures="1" tests="1" name="Test homescreen" time="60.225" errors="0" timestamp="2020-03-02T13:29:56 NPT">
  <testcase classname="TestNGRunner.runHomeScreen" name="checkFavApp" time="4.18">
    <failure type="org.openqa.selenium.WebDriverException" message="An unknown server-side error occurred while processing the command. Original error: Could not proxy command to remote server. Original error: Error: socket hang up
Build info: version: &amp;apos;3.141.59&amp;apos;, revision: &amp;apos;e82be7d358&amp;apos;, time: &amp;apos;2018-11-14T08:17:03&amp;apos;
System info: host: &amp;apos;yipl-Inspiron-3543&amp;apos;, ip: &amp;apos;127.0.1.1&amp;apos;, os.name: &amp;apos;Linux&amp;apos;, os.arch: &amp;apos;amd64&amp;apos;, os.version: &amp;apos;5.3.0-40-generic&amp;apos;, java.version: &amp;apos;11.0.6&amp;apos;
Driver info: io.appium.java_client.android.AndroidDriver
Capabilities {app: /home/yipl/Projects/appiumA..., appActivity: com.android.launcher3.Launcher, appPackage: com.accel.launcher, autoGrantPermissions: true, databaseEnabled: false, desired: {app: /home/yipl/Projects/appiumA..., appActivity: com.android.launcher3.Launcher, appPackage: com.accel.launcher, autoGrantPermissions: true, deviceName: Moto G (4), platform: ANDROID, platformName: android, udid: ZY223BL79Q, version: 7.0}, deviceApiLevel: 24, deviceManufacturer: motorola, deviceModel: Moto G (4), deviceName: ZY223BL79Q, deviceScreenDensity: 408, deviceScreenSize: 1080x1920, deviceUDID: ZY223BL79Q, javascriptEnabled: true, locationContextEnabled: false, networkConnectionEnabled: true, pixelRatio: 2.55, platform: ANDROID, platformName: Android, platformVersion: 7.0, statBarHeight: 61, takesScreenshot: true, udid: ZY223BL79Q, version: 7.0, viewportRect: {height: 1737, left: 0, top: 61, width: 1080}, warnings: {}, webStorageEnabled: false}
Session ID: 05359324-8231-4096-b6b8-06e05bc9873d
*** Element info: {Using=id, value=com.accel.launcher:id/next_button}">
      <![CDATA[org.openqa.selenium.WebDriverException: An unknown server-side error occurred while processing the command. Original error: Could not proxy command to remote server. Original error: Error: socket hang up
Build info: version: '3.141.59', revision: 'e82be7d358', time: '2018-11-14T08:17:03'
System info: host: 'yipl-Inspiron-3543', ip: '127.0.1.1', os.name: 'Linux', os.arch: 'amd64', os.version: '5.3.0-40-generic', java.version: '11.0.6'
Driver info: io.appium.java_client.android.AndroidDriver
Capabilities {app: /home/yipl/Projects/appiumA..., appActivity: com.android.launcher3.Launcher, appPackage: com.accel.launcher, autoGrantPermissions: true, databaseEnabled: false, desired: {app: /home/yipl/Projects/appiumA..., appActivity: com.android.launcher3.Launcher, appPackage: com.accel.launcher, autoGrantPermissions: true, deviceName: Moto G (4), platform: ANDROID, platformName: android, udid: ZY223BL79Q, version: 7.0}, deviceApiLevel: 24, deviceManufacturer: motorola, deviceModel: Moto G (4), deviceName: ZY223BL79Q, deviceScreenDensity: 408, deviceScreenSize: 1080x1920, deviceUDID: ZY223BL79Q, javascriptEnabled: true, locationContextEnabled: false, networkConnectionEnabled: true, pixelRatio: 2.55, platform: ANDROID, platformName: Android, platformVersion: 7.0, statBarHeight: 61, takesScreenshot: true, udid: ZY223BL79Q, version: 7.0, viewportRect: {height: 1737, left: 0, top: 61, width: 1080}, warnings: {}, webStorageEnabled: false}
Session ID: 05359324-8231-4096-b6b8-06e05bc9873d
*** Element info: {Using=id, value=com.accel.launcher:id/next_button}
at org.openqa.selenium.remote.http.W3CHttpResponseCodec.createException(W3CHttpResponseCodec.java:187)
at org.openqa.selenium.remote.http.W3CHttpResponseCodec.decode(W3CHttpResponseCodec.java:122)
at org.openqa.selenium.remote.http.W3CHttpResponseCodec.decode(W3CHttpResponseCodec.java:49)
at org.openqa.selenium.remote.HttpCommandExecutor.execute(HttpCommandExecutor.java:158)
at io.appium.java_client.remote.AppiumCommandExecutor.execute(AppiumCommandExecutor.java:239)
at org.openqa.selenium.remote.RemoteWebDriver.execute(RemoteWebDriver.java:552)
at io.appium.java_client.DefaultGenericMobileDriver.execute(DefaultGenericMobileDriver.java:41)
at io.appium.java_client.AppiumDriver.execute(AppiumDriver.java:1)
at io.appium.java_client.android.AndroidDriver.execute(AndroidDriver.java:1)
at org.openqa.selenium.remote.RemoteWebDriver.findElement(RemoteWebDriver.java:323)
at io.appium.java_client.DefaultGenericMobileDriver.findElement(DefaultGenericMobileDriver.java:61)
at io.appium.java_client.AppiumDriver.findElement(AppiumDriver.java:1)
at io.appium.java_client.android.AndroidDriver.findElement(AndroidDriver.java:1)
at org.openqa.selenium.remote.RemoteWebDriver.findElementById(RemoteWebDriver.java:372)
at io.appium.java_client.DefaultGenericMobileDriver.findElementById(DefaultGenericMobileDriver.java:69)
at io.appium.java_client.AppiumDriver.findElementById(AppiumDriver.java:1)
at io.appium.java_client.android.AndroidDriver.findElementById(AndroidDriver.java:1)
at org.openqa.selenium.By$ById.findElement(By.java:188)
at org.openqa.selenium.remote.RemoteWebDriver.findElement(RemoteWebDriver.java:315)
at io.appium.java_client.DefaultGenericMobileDriver.findElement(DefaultGenericMobileDriver.java:57)
at io.appium.java_client.AppiumDriver.findElement(AppiumDriver.java:1)
at io.appium.java_client.android.AndroidDriver.findElement(AndroidDriver.java:1)
at Tests.OnBoarding.skipOnboarding(OnBoarding.java:72)
at TestNGRunner.runHomeScreen.checkFavApp(runHomeScreen.java:17)
at java.base/java.util.ArrayList.forEach(ArrayList.java:1540)
at com.intellij.rt.testng.IDEARemoteTestNG.run(IDEARemoteTestNG.java:66)
at com.intellij.rt.testng.RemoteTestNGStarter.main(RemoteTestNGStarter.java:110)
... Removed 28 stack frames]]>
    </failure>
  </testcase> <!-- checkFavApp -->
</testsuite> <!-- Test homescreen -->
